=== Pod: openshift-gitops-operator-controller-manager-7fdfd5944c-s5jfz ===
=== Timestamp: 2026-05-11 06:09:35 UTC ===

--- Container: manager ---
sigs.k8s.io/controller-runtime/pkg/internal/controller.(*Controller[...]).processNextWorkItem
	/cachi2/output/deps/gomod/pkg/mod/sigs.k8s.io/controller-runtime@v0.22.3/pkg/internal/controller/controller.go:421
sigs.k8s.io/controller-runtime/pkg/internal/controller.(*Controller[...]).Start.func1.1
	/cachi2/output/deps/gomod/pkg/mod/sigs.k8s.io/controller-runtime@v0.22.3/pkg/internal/controller/controller.go:296
2026-05-11T06:09:34Z	ERROR	Reconciler error	{"controller": "argocd", "controllerGroup": "argoproj.io", "controllerKind": "ArgoCD", "ArgoCD": {"name":"example","namespace":"argocd-agent-principal-1-051"}, "namespace": "argocd-agent-principal-1-051", "name": "example", "reconcileID": "3237c62e-aa7f-434b-a913-6922d43b7a88", "error": "roles.rbac.authorization.k8s.io \"argocd-agent-principal-1-051-read\" is forbidden: unable to create new content in namespace argocd-agent-principal-1-051 because it is being terminated"}
sigs.k8s.io/controller-runtime/pkg/internal/controller.(*Controller[...]).reconcileHandler
	/cachi2/output/deps/gomod/pkg/mod/sigs.k8s.io/controller-runtime@v0.22.3/pkg/internal/controller/controller.go:474
sigs.k8s.io/controller-runtime/pkg/internal/controller.(*Controller[...]).processNextWorkItem
	/cachi2/output/deps/gomod/pkg/mod/sigs.k8s.io/controller-runtime@v0.22.3/pkg/internal/controller/controller.go:421
sigs.k8s.io/controller-runtime/pkg/internal/controller.(*Controller[...]).Start.func1.1
	/cachi2/output/deps/gomod/pkg/mod/sigs.k8s.io/controller-runtime@v0.22.3/pkg/internal/controller/controller.go:296
2026-05-11T06:09:34Z	INFO	controller_argocd	Creating Role 'argocd-agent-principal-1-051/example-argocd-server'
2026-05-11T06:09:34Z	INFO	controller_argocd	roles.rbac.authorization.k8s.io "example-argocd-server" is forbidden: unable to create new content in namespace argocd-agent-principal-1-051 because it is being terminated
2026-05-11T06:09:34Z	INFO	controller_argocd	reconciling status
2026-05-11T06:09:34Z	ERROR	Reconciler error	{"controller": "argocd", "controllerGroup": "argoproj.io", "controllerKind": "ArgoCD", "ArgoCD": {"name":"example","namespace":"argocd-agent-principal-1-051"}, "namespace": "argocd-agent-principal-1-051", "name": "example", "reconcileID": "d496a362-0715-417a-a199-e0b07820762e", "error": "roles.rbac.authorization.k8s.io \"example-argocd-server\" is forbidden: unable to create new content in namespace argocd-agent-principal-1-051 because it is being terminated"}
sigs.k8s.io/controller-runtime/pkg/internal/controller.(*Controller[...]).reconcileHandler
	/cachi2/output/deps/gomod/pkg/mod/sigs.k8s.io/controller-runtime@v0.22.3/pkg/internal/controller/controller.go:474
sigs.k8s.io/controller-runtime/pkg/internal/controller.(*Controller[...]).processNextWorkItem
	/cachi2/output/deps/gomod/pkg/mod/sigs.k8s.io/controller-runtime@v0.22.3/pkg/internal/controller/controller.go:421
sigs.k8s.io/controller-runtime/pkg/internal/controller.(*Controller[...]).Start.func1.1
	/cachi2/output/deps/gomod/pkg/mod/sigs.k8s.io/controller-runtime@v0.22.3/pkg/internal/controller/controller.go:296
2026-05-11T06:09:34Z	INFO	Reconciling ArgoCD	{"controller": "argocd", "controllerGroup": "argoproj.io", "controllerKind": "ArgoCD", "ArgoCD": {"name":"example","namespace":"argocd-agent-principal-1-051"}, "namespace": "argocd-agent-principal-1-051", "name": "example", "reconcileID": "47034a89-46bc-4e2e-9258-272a767c3052", "namespace": "argocd-agent-principal-1-051", "name": "example"}
2026-05-11T06:09:34Z	INFO	controller_argocd	reconciling SSO
2026-05-11T06:09:34Z	INFO	controller_argocd	reconciling roles
2026-05-11T06:09:34Z	INFO	openshift_controller_argocd	configuring policy rule for Application Controller	{"ArgoCD Namespace": "argocd-agent-principal-1-051", "ArgoCD Name": "example"}
2026-05-11T06:09:34Z	INFO	controller_argocd	Creating Role 'argocd-agent-principal-1-051/example-argocd-server'
2026-05-11T06:09:34Z	INFO	controller_argocd	roles.rbac.authorization.k8s.io "example-argocd-server" is forbidden: unable to create new content in namespace argocd-agent-principal-1-051 because it is being terminated
2026-05-11T06:09:34Z	INFO	controller_argocd	reconciling status
2026-05-11T06:09:34Z	ERROR	Reconciler error	{"controller": "argocd", "controllerGroup": "argoproj.io", "controllerKind": "ArgoCD", "ArgoCD": {"name":"example","namespace":"argocd-agent-principal-1-051"}, "namespace": "argocd-agent-principal-1-051", "name": "example", "reconcileID": "47034a89-46bc-4e2e-9258-272a767c3052", "error": "roles.rbac.authorization.k8s.io \"example-argocd-server\" is forbidden: unable to create new content in namespace argocd-agent-principal-1-051 because it is being terminated"}
sigs.k8s.io/controller-runtime/pkg/internal/controller.(*Controller[...]).reconcileHandler
	/cachi2/output/deps/gomod/pkg/mod/sigs.k8s.io/controller-runtime@v0.22.3/pkg/internal/controller/controller.go:474
sigs.k8s.io/controller-runtime/pkg/internal/controller.(*Controller[...]).processNextWorkItem
	/cachi2/output/deps/gomod/pkg/mod/sigs.k8s.io/controller-runtime@v0.22.3/pkg/internal/controller/controller.go:421
sigs.k8s.io/controller-runtime/pkg/internal/controller.(*Controller[...]).Start.func1.1
	/cachi2/output/deps/gomod/pkg/mod/sigs.k8s.io/controller-runtime@v0.22.3/pkg/internal/controller/controller.go:296
2026-05-11T06:09:35Z	INFO	controller_argocd_metrics	Reconciling ArgoCD Metrics	{"Request.Namespace": "argocd-agent-principal-1-051", "Request.Name": "example"}
2026-05-11T06:09:35Z	INFO	Reconciling ArgoCD	{"controller": "argocd", "controllerGroup": "argoproj.io", "controllerKind": "ArgoCD", "ArgoCD": {"name":"example","namespace":"argocd-agent-principal-1-051"}, "namespace": "argocd-agent-principal-1-051", "name": "example", "reconcileID": "fc20ddfe-feb6-481a-b5e0-a667b74d9f89", "namespace": "argocd-agent-principal-1-051", "name": "example"}
2026-05-11T06:09:35Z	INFO	controller_argocd_metrics	Creating new read role	{"Request.Namespace": "argocd-agent-principal-1-051", "Request.Name": "example", "Namespace": "argocd-agent-principal-1-051", "Name": "argocd-agent-principal-1-051-read"}
2026-05-11T06:09:35Z	INFO	controller_argocd	removing local user token renewal timers for namespace "argocd-agent-principal-1-051"
2026-05-11T06:09:35Z	INFO	controller_argocd	Deleting ClusterRole 'example-argocd-agent-principal-1-051-argocd-server' - cleaning up cluster resources
2026-05-11T06:09:35Z	ERROR	controller_argocd_metrics	Error creating a new read role	{"Request.Namespace": "argocd-agent-principal-1-051", "Request.Name": "example", "Namespace": "argocd-agent-principal-1-051", "Name": "argocd-agent-principal-1-051-read", "error": "roles.rbac.authorization.k8s.io \"argocd-agent-principal-1-051-read\" is forbidden: unable to create new content in namespace argocd-agent-principal-1-051 because it is being terminated"}
github.com/redhat-developer/gitops-operator/controllers.(*ArgoCDMetricsReconciler).createReadRoleIfAbsent
	/workspace/controllers/argocd_metrics_controller.go:279
github.com/redhat-developer/gitops-operator/controllers.(*ArgoCDMetricsReconciler).Reconcile
	/workspace/controllers/argocd_metrics_controller.go:140
sigs.k8s.io/controller-runtime/pkg/internal/controller.(*Controller[...]).Reconcile
	/cachi2/output/deps/gomod/pkg/mod/sigs.k8s.io/controller-runtime@v0.22.3/pkg/internal/controller/controller.go:216
sigs.k8s.io/controller-runtime/pkg/internal/controller.(*Controller[...]).reconcileHandler
	/cachi2/output/deps/gomod/pkg/mod/sigs.k8s.io/controller-runtime@v0.22.3/pkg/internal/controller/controller.go:461
sigs.k8s.io/controller-runtime/pkg/internal/controller.(*Controller[...]).processNextWorkItem
	/cachi2/output/deps/gomod/pkg/mod/sigs.k8s.io/controller-runtime@v0.22.3/pkg/internal/controller/controller.go:421
sigs.k8s.io/controller-runtime/pkg/internal/controller.(*Controller[...]).Start.func1.1
	/cachi2/output/deps/gomod/pkg/mod/sigs.k8s.io/controller-runtime@v0.22.3/pkg/internal/controller/controller.go:296
2026-05-11T06:09:35Z	ERROR	Reconciler error	{"controller": "argocd", "controllerGroup": "argoproj.io", "controllerKind": "ArgoCD", "ArgoCD": {"name":"example","namespace":"argocd-agent-principal-1-051"}, "namespace": "argocd-agent-principal-1-051", "name": "example", "reconcileID": "f65e9928-163d-4433-a798-73116638f3a7", "error": "roles.rbac.authorization.k8s.io \"argocd-agent-principal-1-051-read\" is forbidden: unable to create new content in namespace argocd-agent-principal-1-051 because it is being terminated"}
sigs.k8s.io/controller-runtime/pkg/internal/controller.(*Controller[...]).reconcileHandler
	/cachi2/output/deps/gomod/pkg/mod/sigs.k8s.io/controller-runtime@v0.22.3/pkg/internal/controller/controller.go:474
sigs.k8s.io/controller-runtime/pkg/internal/controller.(*Controller[...]).processNextWorkItem
	/cachi2/output/deps/gomod/pkg/mod/sigs.k8s.io/controller-runtime@v0.22.3/pkg/internal/controller/controller.go:421
sigs.k8s.io/controller-runtime/pkg/internal/controller.(*Controller[...]).Start.func1.1
	/cachi2/output/deps/gomod/pkg/mod/sigs.k8s.io/controller-runtime@v0.22.3/pkg/internal/controller/controller.go:296
2026-05-11T06:09:35Z	INFO	controller_argocd	Deleting ClusterRole 'example-argocd-agent-principal-1-051-argocd-application-controller' - cleaning up cluster resources
2026-05-11T06:09:35Z	INFO	controller_argocd	Deleting ClusterRoleBinding 'example-argocd-agent-principal-1-051-argocd-server' - cleaning up cluster resources
2026-05-11T06:09:35Z	INFO	controller_argocd	Deleting ClusterRoleBinding 'example-argocd-agent-principal-1-051-argocd-application-controller' - cleaning up cluster resources
2026-05-11T06:09:35Z	INFO	controller_argocd	Updating ArgoCD 'argocd-agent-principal-1-051/example' - removing deletion finalizer
2026-05-11T06:09:35Z	INFO	controller_argocd	reconciling status
2026-05-11T06:09:35Z	INFO	controller_argocd_metrics	Reconciling ArgoCD Metrics	{"Request.Namespace": "argocd-agent-principal-1-051", "Request.Name": "example"}
2026-05-11T06:09:35Z	ERROR	controller_argocd	unable to update ArgoCD status condition	{"error": "Operation cannot be fulfilled on argocds.argoproj.io \"example\": StorageError: invalid object, Code: 4, Key: /kubernetes.io/argoproj.io/argocds/argocd-agent-principal-1-051/example, ResourceVersion: 0, AdditionalErrorMsg: Precondition failed: UID in precondition: 67332b76-046d-4014-8088-967187443671, UID in object meta: "}
github.com/argoproj-labs/argocd-operator/controllers/argocd.updateStatusAndConditionsOfArgoCD
	/cachi2/output/deps/gomod/pkg/mod/github.com/argoproj-labs/argocd-operator@v0.17.0-rc1.0.20260304133241-fd7fd59a2b0b/controllers/argocd/util.go:1695
github.com/argoproj-labs/argocd-operator/controllers/argocd.(*ReconcileArgoCD).Reconcile
	/cachi2/output/deps/gomod/pkg/mod/github.com/argoproj-labs/argocd-operator@v0.17.0-rc1.0.20260304133241-fd7fd59a2b0b/controllers/argocd/argocd_controller.go:159
sigs.k8s.io/controller-runtime/pkg/internal/controller.(*Controller[...]).Reconcile
	/cachi2/output/deps/gomod/pkg/mod/sigs.k8s.io/controller-runtime@v0.22.3/pkg/internal/controller/controller.go:216
sigs.k8s.io/controller-runtime/pkg/internal/controller.(*Controller[...]).reconcileHandler
	/cachi2/output/deps/gomod/pkg/mod/sigs.k8s.io/controller-runtime@v0.22.3/pkg/internal/controller/controller.go:461
sigs.k8s.io/controller-runtime/pkg/internal/controller.(*Controller[...]).processNextWorkItem
	/cachi2/output/deps/gomod/pkg/mod/sigs.k8s.io/controller-runtime@v0.22.3/pkg/internal/controller/controller.go:421
sigs.k8s.io/controller-runtime/pkg/internal/controller.(*Controller[...]).Start.func1.1
	/cachi2/output/deps/gomod/pkg/mod/sigs.k8s.io/controller-runtime@v0.22.3/pkg/internal/controller/controller.go:296
2026-05-11T06:09:35Z	ERROR	controller_argocd	unable to update status of ArgoCD	{"error": "Operation cannot be fulfilled on argocds.argoproj.io \"example\": StorageError: invalid object, Code: 4, Key: /kubernetes.io/argoproj.io/argocds/argocd-agent-principal-1-051/example, ResourceVersion: 0, AdditionalErrorMsg: Precondition failed: UID in precondition: 67332b76-046d-4014-8088-967187443671, UID in object meta: "}
github.com/argoproj-labs/argocd-operator/controllers/argocd.(*ReconcileArgoCD).Reconcile
	/cachi2/output/deps/gomod/pkg/mod/github.com/argoproj-labs/argocd-operator@v0.17.0-rc1.0.20260304133241-fd7fd59a2b0b/controllers/argocd/argocd_controller.go:160
sigs.k8s.io/controller-runtime/pkg/internal/controller.(*Controller[...]).Reconcile
	/cachi2/output/deps/gomod/pkg/mod/sigs.k8s.io/controller-runtime@v0.22.3/pkg/internal/controller/controller.go:216
sigs.k8s.io/controller-runtime/pkg/internal/controller.(*Controller[...]).reconcileHandler
	/cachi2/output/deps/gomod/pkg/mod/sigs.k8s.io/controller-runtime@v0.22.3/pkg/internal/controller/controller.go:461
sigs.k8s.io/controller-runtime/pkg/internal/controller.(*Controller[...]).processNextWorkItem
	/cachi2/output/deps/gomod/pkg/mod/sigs.k8s.io/controller-runtime@v0.22.3/pkg/internal/controller/controller.go:421
sigs.k8s.io/controller-runtime/pkg/internal/controller.(*Controller[...]).Start.func1.1
	/cachi2/output/deps/gomod/pkg/mod/sigs.k8s.io/controller-runtime@v0.22.3/pkg/internal/controller/controller.go:296
2026-05-11T06:09:35Z	ERROR	Reconciler error	{"controller": "argocd", "controllerGroup": "argoproj.io", "controllerKind": "ArgoCD", "ArgoCD": {"name":"example","namespace":"argocd-agent-principal-1-051"}, "namespace": "argocd-agent-principal-1-051", "name": "example", "reconcileID": "fc20ddfe-feb6-481a-b5e0-a667b74d9f89", "error": "Operation cannot be fulfilled on argocds.argoproj.io \"example\": StorageError: invalid object, Code: 4, Key: /kubernetes.io/argoproj.io/argocds/argocd-agent-principal-1-051/example, ResourceVersion: 0, AdditionalErrorMsg: Precondition failed: UID in precondition: 67332b76-046d-4014-8088-967187443671, UID in object meta: "}
sigs.k8s.io/controller-runtime/pkg/internal/controller.(*Controller[...]).reconcileHandler
	/cachi2/output/deps/gomod/pkg/mod/sigs.k8s.io/controller-runtime@v0.22.3/pkg/internal/controller/controller.go:474
sigs.k8s.io/controller-runtime/pkg/internal/controller.(*Controller[...]).processNextWorkItem
	/cachi2/output/deps/gomod/pkg/mod/sigs.k8s.io/controller-runtime@v0.22.3/pkg/internal/controller/controller.go:421
sigs.k8s.io/controller-runtime/pkg/internal/controller.(*Controller[...]).Start.func1.1
	/cachi2/output/deps/gomod/pkg/mod/sigs.k8s.io/controller-runtime@v0.22.3/pkg/internal/controller/controller.go:296
2026-05-11T06:09:35Z	INFO	Reconciling ArgoCD	{"controller": "argocd", "controllerGroup": "argoproj.io", "controllerKind": "ArgoCD", "ArgoCD": {"name":"example","namespace":"argocd-agent-principal-1-051"}, "namespace": "argocd-agent-principal-1-051", "name": "example", "reconcileID": "723f6bd3-e556-4825-a934-7a09d373eabc", "namespace": "argocd-agent-principal-1-051", "name": "example"}
2026-05-11T06:09:35Z	INFO	controller_argocd	reconciling status
2026-05-11T06:09:35Z	INFO	controller_argocd_metrics	Reconciling ArgoCD Metrics	{"Request.Namespace": "argocd-agent-principal-1-051", "Request.Name": "example"}

--- Container: kube-rbac-proxy ---
W0511 06:08:49.934604       1 deprecated.go:66] 
==== Removed Flag Warning ======================

logtostderr is removed in the k8s upstream and has no effect any more.

===============================================
		
I0511 06:08:49.935103       1 kube-rbac-proxy.go:235] Valid token audiences: 
I0511 06:08:49.936247       1 kube-rbac-proxy.go:349] Reading certificate files
I0511 06:08:49.936539       1 kube-rbac-proxy.go:397] Starting TCP socket on 0.0.0.0:8443
I0511 06:08:49.936770       1 kube-rbac-proxy.go:404] Listening securely on 0.0.0.0:8443

