=== Pod: openshift-gitops-operator-controller-manager-7fc68c9f9b-kd6fs ===
=== Timestamp: 2026-05-11 06:56:18 UTC ===

--- Container: manager ---
sigs.k8s.io/controller-runtime/pkg/internal/controller.(*Controller[...]).processNextWorkItem
	/cachi2/output/deps/gomod/pkg/mod/sigs.k8s.io/controller-runtime@v0.22.3/pkg/internal/controller/controller.go:421
sigs.k8s.io/controller-runtime/pkg/internal/controller.(*Controller[...]).Start.func1.1
	/cachi2/output/deps/gomod/pkg/mod/sigs.k8s.io/controller-runtime@v0.22.3/pkg/internal/controller/controller.go:296
2026-05-11T06:56:16Z	INFO	controller_argocd	reconciling status
2026-05-11T06:56:16Z	ERROR	Reconciler error	{"controller": "argocd", "controllerGroup": "argoproj.io", "controllerKind": "ArgoCD", "ArgoCD": {"name":"test1","namespace":"gitops-e2e-test-b01abdc4-e203"}, "namespace": "gitops-e2e-test-b01abdc4-e203", "name": "test1", "reconcileID": "4fcbfb9c-b562-4f2d-b190-657c8a651b94", "error": "the ArgoCD instance 'gitops-e2e-test-b01abdc4-e203/test1' does not match the label selector 'foo=bar' and skipping for reconciliation"}
sigs.k8s.io/controller-runtime/pkg/internal/controller.(*Controller[...]).reconcileHandler
	/cachi2/output/deps/gomod/pkg/mod/sigs.k8s.io/controller-runtime@v0.22.3/pkg/internal/controller/controller.go:474
sigs.k8s.io/controller-runtime/pkg/internal/controller.(*Controller[...]).processNextWorkItem
	/cachi2/output/deps/gomod/pkg/mod/sigs.k8s.io/controller-runtime@v0.22.3/pkg/internal/controller/controller.go:421
sigs.k8s.io/controller-runtime/pkg/internal/controller.(*Controller[...]).Start.func1.1
	/cachi2/output/deps/gomod/pkg/mod/sigs.k8s.io/controller-runtime@v0.22.3/pkg/internal/controller/controller.go:296
2026-05-11T06:56:16Z	INFO	Reconciling ArgoCD	{"controller": "argocd", "controllerGroup": "argoproj.io", "controllerKind": "ArgoCD", "ArgoCD": {"name":"test1","namespace":"gitops-e2e-test-b01abdc4-e203"}, "namespace": "gitops-e2e-test-b01abdc4-e203", "name": "test1", "reconcileID": "074333ff-4556-4189-b615-fcd331e3f776", "namespace": "gitops-e2e-test-b01abdc4-e203", "name": "test1"}
2026-05-11T06:56:16Z	ERROR	the ArgoCD instance 'gitops-e2e-test-b01abdc4-e203/test1' does not match the label selector 'foo=bar' and skipping for reconciliation	{"controller": "argocd", "controllerGroup": "argoproj.io", "controllerKind": "ArgoCD", "ArgoCD": {"name":"test1","namespace":"gitops-e2e-test-b01abdc4-e203"}, "namespace": "gitops-e2e-test-b01abdc4-e203", "name": "test1", "reconcileID": "074333ff-4556-4189-b615-fcd331e3f776", "namespace": "gitops-e2e-test-b01abdc4-e203", "name": "test1"}
github.com/argoproj-labs/argocd-operator/controllers/argocd.(*ReconcileArgoCD).internalReconcile
	/cachi2/output/deps/gomod/pkg/mod/github.com/argoproj-labs/argocd-operator@v0.17.0-rc1.0.20260304133241-fd7fd59a2b0b/controllers/argocd/argocd_controller.go:211
github.com/argoproj-labs/argocd-operator/controllers/argocd.(*ReconcileArgoCD).Reconcile
	/cachi2/output/deps/gomod/pkg/mod/github.com/argoproj-labs/argocd-operator@v0.17.0-rc1.0.20260304133241-fd7fd59a2b0b/controllers/argocd/argocd_controller.go:144
sigs.k8s.io/controller-runtime/pkg/internal/controller.(*Controller[...]).Reconcile
	/cachi2/output/deps/gomod/pkg/mod/sigs.k8s.io/controller-runtime@v0.22.3/pkg/internal/controller/controller.go:216
sigs.k8s.io/controller-runtime/pkg/internal/controller.(*Controller[...]).reconcileHandler
	/cachi2/output/deps/gomod/pkg/mod/sigs.k8s.io/controller-runtime@v0.22.3/pkg/internal/controller/controller.go:461
sigs.k8s.io/controller-runtime/pkg/internal/controller.(*Controller[...]).processNextWorkItem
	/cachi2/output/deps/gomod/pkg/mod/sigs.k8s.io/controller-runtime@v0.22.3/pkg/internal/controller/controller.go:421
sigs.k8s.io/controller-runtime/pkg/internal/controller.(*Controller[...]).Start.func1.1
	/cachi2/output/deps/gomod/pkg/mod/sigs.k8s.io/controller-runtime@v0.22.3/pkg/internal/controller/controller.go:296
2026-05-11T06:56:16Z	INFO	controller_argocd	reconciling status
2026-05-11T06:56:16Z	ERROR	Reconciler error	{"controller": "argocd", "controllerGroup": "argoproj.io", "controllerKind": "ArgoCD", "ArgoCD": {"name":"test1","namespace":"gitops-e2e-test-b01abdc4-e203"}, "namespace": "gitops-e2e-test-b01abdc4-e203", "name": "test1", "reconcileID": "074333ff-4556-4189-b615-fcd331e3f776", "error": "the ArgoCD instance 'gitops-e2e-test-b01abdc4-e203/test1' does not match the label selector 'foo=bar' and skipping for reconciliation"}
sigs.k8s.io/controller-runtime/pkg/internal/controller.(*Controller[...]).reconcileHandler
	/cachi2/output/deps/gomod/pkg/mod/sigs.k8s.io/controller-runtime@v0.22.3/pkg/internal/controller/controller.go:474
sigs.k8s.io/controller-runtime/pkg/internal/controller.(*Controller[...]).processNextWorkItem
	/cachi2/output/deps/gomod/pkg/mod/sigs.k8s.io/controller-runtime@v0.22.3/pkg/internal/controller/controller.go:421
sigs.k8s.io/controller-runtime/pkg/internal/controller.(*Controller[...]).Start.func1.1
	/cachi2/output/deps/gomod/pkg/mod/sigs.k8s.io/controller-runtime@v0.22.3/pkg/internal/controller/controller.go:296
2026-05-11T06:56:17Z	INFO	Reconciling ArgoCD	{"controller": "argocd", "controllerGroup": "argoproj.io", "controllerKind": "ArgoCD", "ArgoCD": {"name":"test1","namespace":"gitops-e2e-test-b01abdc4-e203"}, "namespace": "gitops-e2e-test-b01abdc4-e203", "name": "test1", "reconcileID": "8df8583f-1d99-4f58-8cbe-7f14acf0ac80", "namespace": "gitops-e2e-test-b01abdc4-e203", "name": "test1"}
2026-05-11T06:56:17Z	ERROR	the ArgoCD instance 'gitops-e2e-test-b01abdc4-e203/test1' does not match the label selector 'foo=bar' and skipping for reconciliation	{"controller": "argocd", "controllerGroup": "argoproj.io", "controllerKind": "ArgoCD", "ArgoCD": {"name":"test1","namespace":"gitops-e2e-test-b01abdc4-e203"}, "namespace": "gitops-e2e-test-b01abdc4-e203", "name": "test1", "reconcileID": "8df8583f-1d99-4f58-8cbe-7f14acf0ac80", "namespace": "gitops-e2e-test-b01abdc4-e203", "name": "test1"}
github.com/argoproj-labs/argocd-operator/controllers/argocd.(*ReconcileArgoCD).internalReconcile
	/cachi2/output/deps/gomod/pkg/mod/github.com/argoproj-labs/argocd-operator@v0.17.0-rc1.0.20260304133241-fd7fd59a2b0b/controllers/argocd/argocd_controller.go:211
github.com/argoproj-labs/argocd-operator/controllers/argocd.(*ReconcileArgoCD).Reconcile
	/cachi2/output/deps/gomod/pkg/mod/github.com/argoproj-labs/argocd-operator@v0.17.0-rc1.0.20260304133241-fd7fd59a2b0b/controllers/argocd/argocd_controller.go:144
sigs.k8s.io/controller-runtime/pkg/internal/controller.(*Controller[...]).Reconcile
	/cachi2/output/deps/gomod/pkg/mod/sigs.k8s.io/controller-runtime@v0.22.3/pkg/internal/controller/controller.go:216
sigs.k8s.io/controller-runtime/pkg/internal/controller.(*Controller[...]).reconcileHandler
	/cachi2/output/deps/gomod/pkg/mod/sigs.k8s.io/controller-runtime@v0.22.3/pkg/internal/controller/controller.go:461
sigs.k8s.io/controller-runtime/pkg/internal/controller.(*Controller[...]).processNextWorkItem
	/cachi2/output/deps/gomod/pkg/mod/sigs.k8s.io/controller-runtime@v0.22.3/pkg/internal/controller/controller.go:421
sigs.k8s.io/controller-runtime/pkg/internal/controller.(*Controller[...]).Start.func1.1
	/cachi2/output/deps/gomod/pkg/mod/sigs.k8s.io/controller-runtime@v0.22.3/pkg/internal/controller/controller.go:296
2026-05-11T06:56:17Z	INFO	controller_argocd	reconciling status
2026-05-11T06:56:17Z	ERROR	Reconciler error	{"controller": "argocd", "controllerGroup": "argoproj.io", "controllerKind": "ArgoCD", "ArgoCD": {"name":"test1","namespace":"gitops-e2e-test-b01abdc4-e203"}, "namespace": "gitops-e2e-test-b01abdc4-e203", "name": "test1", "reconcileID": "8df8583f-1d99-4f58-8cbe-7f14acf0ac80", "error": "the ArgoCD instance 'gitops-e2e-test-b01abdc4-e203/test1' does not match the label selector 'foo=bar' and skipping for reconciliation"}
sigs.k8s.io/controller-runtime/pkg/internal/controller.(*Controller[...]).reconcileHandler
	/cachi2/output/deps/gomod/pkg/mod/sigs.k8s.io/controller-runtime@v0.22.3/pkg/internal/controller/controller.go:474
sigs.k8s.io/controller-runtime/pkg/internal/controller.(*Controller[...]).processNextWorkItem
	/cachi2/output/deps/gomod/pkg/mod/sigs.k8s.io/controller-runtime@v0.22.3/pkg/internal/controller/controller.go:421
sigs.k8s.io/controller-runtime/pkg/internal/controller.(*Controller[...]).Start.func1.1
	/cachi2/output/deps/gomod/pkg/mod/sigs.k8s.io/controller-runtime@v0.22.3/pkg/internal/controller/controller.go:296
2026-05-11T06:56:17Z	INFO	Reconciling ArgoCD	{"controller": "argocd", "controllerGroup": "argoproj.io", "controllerKind": "ArgoCD", "ArgoCD": {"name":"test1","namespace":"gitops-e2e-test-b01abdc4-e203"}, "namespace": "gitops-e2e-test-b01abdc4-e203", "name": "test1", "reconcileID": "56a3b9b8-cb97-4ee2-bac3-1a260008bb24", "namespace": "gitops-e2e-test-b01abdc4-e203", "name": "test1"}
2026-05-11T06:56:17Z	ERROR	the ArgoCD instance 'gitops-e2e-test-b01abdc4-e203/test1' does not match the label selector 'foo=bar' and skipping for reconciliation	{"controller": "argocd", "controllerGroup": "argoproj.io", "controllerKind": "ArgoCD", "ArgoCD": {"name":"test1","namespace":"gitops-e2e-test-b01abdc4-e203"}, "namespace": "gitops-e2e-test-b01abdc4-e203", "name": "test1", "reconcileID": "56a3b9b8-cb97-4ee2-bac3-1a260008bb24", "namespace": "gitops-e2e-test-b01abdc4-e203", "name": "test1"}
github.com/argoproj-labs/argocd-operator/controllers/argocd.(*ReconcileArgoCD).internalReconcile
	/cachi2/output/deps/gomod/pkg/mod/github.com/argoproj-labs/argocd-operator@v0.17.0-rc1.0.20260304133241-fd7fd59a2b0b/controllers/argocd/argocd_controller.go:211
github.com/argoproj-labs/argocd-operator/controllers/argocd.(*ReconcileArgoCD).Reconcile
	/cachi2/output/deps/gomod/pkg/mod/github.com/argoproj-labs/argocd-operator@v0.17.0-rc1.0.20260304133241-fd7fd59a2b0b/controllers/argocd/argocd_controller.go:144
sigs.k8s.io/controller-runtime/pkg/internal/controller.(*Controller[...]).Reconcile
	/cachi2/output/deps/gomod/pkg/mod/sigs.k8s.io/controller-runtime@v0.22.3/pkg/internal/controller/controller.go:216
sigs.k8s.io/controller-runtime/pkg/internal/controller.(*Controller[...]).reconcileHandler
	/cachi2/output/deps/gomod/pkg/mod/sigs.k8s.io/controller-runtime@v0.22.3/pkg/internal/controller/controller.go:461
sigs.k8s.io/controller-runtime/pkg/internal/controller.(*Controller[...]).processNextWorkItem
	/cachi2/output/deps/gomod/pkg/mod/sigs.k8s.io/controller-runtime@v0.22.3/pkg/internal/controller/controller.go:421
sigs.k8s.io/controller-runtime/pkg/internal/controller.(*Controller[...]).Start.func1.1
	/cachi2/output/deps/gomod/pkg/mod/sigs.k8s.io/controller-runtime@v0.22.3/pkg/internal/controller/controller.go:296
2026-05-11T06:56:17Z	INFO	controller_argocd	reconciling status
2026-05-11T06:56:17Z	ERROR	Reconciler error	{"controller": "argocd", "controllerGroup": "argoproj.io", "controllerKind": "ArgoCD", "ArgoCD": {"name":"test1","namespace":"gitops-e2e-test-b01abdc4-e203"}, "namespace": "gitops-e2e-test-b01abdc4-e203", "name": "test1", "reconcileID": "56a3b9b8-cb97-4ee2-bac3-1a260008bb24", "error": "the ArgoCD instance 'gitops-e2e-test-b01abdc4-e203/test1' does not match the label selector 'foo=bar' and skipping for reconciliation"}
sigs.k8s.io/controller-runtime/pkg/internal/controller.(*Controller[...]).reconcileHandler
	/cachi2/output/deps/gomod/pkg/mod/sigs.k8s.io/controller-runtime@v0.22.3/pkg/internal/controller/controller.go:474
sigs.k8s.io/controller-runtime/pkg/internal/controller.(*Controller[...]).processNextWorkItem
	/cachi2/output/deps/gomod/pkg/mod/sigs.k8s.io/controller-runtime@v0.22.3/pkg/internal/controller/controller.go:421
sigs.k8s.io/controller-runtime/pkg/internal/controller.(*Controller[...]).Start.func1.1
	/cachi2/output/deps/gomod/pkg/mod/sigs.k8s.io/controller-runtime@v0.22.3/pkg/internal/controller/controller.go:296
2026-05-11T06:56:18Z	INFO	Reconciling ArgoCD	{"controller": "argocd", "controllerGroup": "argoproj.io", "controllerKind": "ArgoCD", "ArgoCD": {"name":"test1","namespace":"gitops-e2e-test-b01abdc4-e203"}, "namespace": "gitops-e2e-test-b01abdc4-e203", "name": "test1", "reconcileID": "70ef186b-fc3e-4621-8693-93c57548af80", "namespace": "gitops-e2e-test-b01abdc4-e203", "name": "test1"}
2026-05-11T06:56:18Z	ERROR	the ArgoCD instance 'gitops-e2e-test-b01abdc4-e203/test1' does not match the label selector 'foo=bar' and skipping for reconciliation	{"controller": "argocd", "controllerGroup": "argoproj.io", "controllerKind": "ArgoCD", "ArgoCD": {"name":"test1","namespace":"gitops-e2e-test-b01abdc4-e203"}, "namespace": "gitops-e2e-test-b01abdc4-e203", "name": "test1", "reconcileID": "70ef186b-fc3e-4621-8693-93c57548af80", "namespace": "gitops-e2e-test-b01abdc4-e203", "name": "test1"}
github.com/argoproj-labs/argocd-operator/controllers/argocd.(*ReconcileArgoCD).internalReconcile
	/cachi2/output/deps/gomod/pkg/mod/github.com/argoproj-labs/argocd-operator@v0.17.0-rc1.0.20260304133241-fd7fd59a2b0b/controllers/argocd/argocd_controller.go:211
github.com/argoproj-labs/argocd-operator/controllers/argocd.(*ReconcileArgoCD).Reconcile
	/cachi2/output/deps/gomod/pkg/mod/github.com/argoproj-labs/argocd-operator@v0.17.0-rc1.0.20260304133241-fd7fd59a2b0b/controllers/argocd/argocd_controller.go:144
sigs.k8s.io/controller-runtime/pkg/internal/controller.(*Controller[...]).Reconcile
	/cachi2/output/deps/gomod/pkg/mod/sigs.k8s.io/controller-runtime@v0.22.3/pkg/internal/controller/controller.go:216
sigs.k8s.io/controller-runtime/pkg/internal/controller.(*Controller[...]).reconcileHandler
	/cachi2/output/deps/gomod/pkg/mod/sigs.k8s.io/controller-runtime@v0.22.3/pkg/internal/controller/controller.go:461
sigs.k8s.io/controller-runtime/pkg/internal/controller.(*Controller[...]).processNextWorkItem
	/cachi2/output/deps/gomod/pkg/mod/sigs.k8s.io/controller-runtime@v0.22.3/pkg/internal/controller/controller.go:421
sigs.k8s.io/controller-runtime/pkg/internal/controller.(*Controller[...]).Start.func1.1
	/cachi2/output/deps/gomod/pkg/mod/sigs.k8s.io/controller-runtime@v0.22.3/pkg/internal/controller/controller.go:296
2026-05-11T06:56:18Z	INFO	controller_argocd	reconciling status
2026-05-11T06:56:18Z	ERROR	Reconciler error	{"controller": "argocd", "controllerGroup": "argoproj.io", "controllerKind": "ArgoCD", "ArgoCD": {"name":"test1","namespace":"gitops-e2e-test-b01abdc4-e203"}, "namespace": "gitops-e2e-test-b01abdc4-e203", "name": "test1", "reconcileID": "70ef186b-fc3e-4621-8693-93c57548af80", "error": "the ArgoCD instance 'gitops-e2e-test-b01abdc4-e203/test1' does not match the label selector 'foo=bar' and skipping for reconciliation"}
sigs.k8s.io/controller-runtime/pkg/internal/controller.(*Controller[...]).reconcileHandler
	/cachi2/output/deps/gomod/pkg/mod/sigs.k8s.io/controller-runtime@v0.22.3/pkg/internal/controller/controller.go:474
sigs.k8s.io/controller-runtime/pkg/internal/controller.(*Controller[...]).processNextWorkItem
	/cachi2/output/deps/gomod/pkg/mod/sigs.k8s.io/controller-runtime@v0.22.3/pkg/internal/controller/controller.go:421
sigs.k8s.io/controller-runtime/pkg/internal/controller.(*Controller[...]).Start.func1.1
	/cachi2/output/deps/gomod/pkg/mod/sigs.k8s.io/controller-runtime@v0.22.3/pkg/internal/controller/controller.go:296

--- Container: kube-rbac-proxy ---
W0511 06:53:33.452939       1 deprecated.go:66] 
==== Removed Flag Warning ======================

logtostderr is removed in the k8s upstream and has no effect any more.

===============================================
		
I0511 06:53:33.453501       1 kube-rbac-proxy.go:235] Valid token audiences: 
I0511 06:53:33.454807       1 kube-rbac-proxy.go:349] Reading certificate files
I0511 06:53:33.455131       1 kube-rbac-proxy.go:397] Starting TCP socket on 0.0.0.0:8443
I0511 06:53:33.455432       1 kube-rbac-proxy.go:404] Listening securely on 0.0.0.0:8443

